Построение начато 05.04.2017 12:29:07.
     1>Проект "E:\Лабораторные работы\Числаки\LAB2SEM2_aproxSLAE\LAB2SEM2_aproxSLAE\LAB2SEM2_aproxSLAE.vcxproj" в узле 2 (целевые объекты build).
     1>InitializeBuildStatus:
         Создание "Debug\LAB2SEM2_aproxSLAE.unsuccessfulbuild", так как было задано "AlwaysCreate".
       ClCompile:
         C:\Program Files (x86)\Microsoft Visual Studio 10.0\VC\bin\CL.exe /c /ZI /nologo /W3 /WX- /Od /Oy- /D _MBCS /Gm /EHsc /RTC1 /MDd /GS /fp:precise /Zc:wchar_t /Zc:forScope /Fo"Debug\\" /Fd"Debug\vc100.pdb" /Gd /TP /analyze- /errorReport:prompt Simple_method.cpp
         Simple_method.cpp
       Link:
         C:\Program Files (x86)\Microsoft Visual Studio 10.0\VC\bin\link.exe /ERRORREPORT:PROMPT /OUT:"E:\Лабораторные работы\Числаки\LAB2SEM2_aproxSLAE\Debug\LAB2SEM2_aproxSLAE.exe" /NOLOGO kernel32.lib user32.lib gdi32.lib winspool.lib comdlg32.lib advapi32.lib shell32.lib ole32.lib oleaut32.lib uuid.lib odbc32.lib odbccp32.lib /MANIFEST /ManifestFile:"Debug\LAB2SEM2_aproxSLAE.exe.intermediate.manifest" /MANIFESTUAC:"level='asInvoker' uiAccess='false'" /DEBUG /PDB:"E:\Лабораторные работы\Числаки\LAB2SEM2_aproxSLAE\Debug\LAB2SEM2_aproxSLAE.pdb" /TLBID:1 /DYNAMICBASE /NXCOMPAT /IMPLIB:"E:\Лабораторные работы\Числаки\LAB2SEM2_aproxSLAE\Debug\LAB2SEM2_aproxSLAE.lib" /MACHINE:X86 Debug\Gause_method.obj
         Debug\Help_massiv.obj
         Debug\Holezhii_method.obj
         Debug\main.obj
         Debug\Simple_method.obj
         Debug\Sqrroot_method.obj
         LINK : не найден или не выполнена сборка E:\Лабораторные работы\Числаки\LAB2SEM2_aproxSLAE\Debug\LAB2SEM2_aproxSLAE.exe при последней инкрементной компоновке; выполняется полная компоновка
         LAB2SEM2_aproxSLAE.vcxproj -> E:\Лабораторные работы\Числаки\LAB2SEM2_aproxSLAE\Debug\LAB2SEM2_aproxSLAE.exe
       Manifest:
         C:\Program Files (x86)\Microsoft SDKs\Windows\v7.0A\bin\mt.exe /nologo /verbose /outputresource:"E:\Лабораторные работы\Числаки\LAB2SEM2_aproxSLAE\Debug\LAB2SEM2_aproxSLAE.exe;#1" /manifest Debug\LAB2SEM2_aproxSLAE.exe.intermediate.manifest
       FinalizeBuildStatus:
         Файл "Debug\LAB2SEM2_aproxSLAE.unsuccessfulbuild" удаляется.
         Обращение к "Debug\LAB2SEM2_aproxSLAE.lastbuildstate".
     1>Построение проекта "E:\Лабораторные работы\Числаки\LAB2SEM2_aproxSLAE\LAB2SEM2_aproxSLAE\LAB2SEM2_aproxSLAE.vcxproj" завершено (целевые объекты build).

Построение успешно завершено.

Затраченное время: 00:00:01.28
