Построение начато 21.05.2017 22:03:00.
     1>Проект "E:\Лабораторные работы\Числаки\LAB6SEM2_aproxBoundary-valv_problem\LAB6SEM2_aproxBoundary-valv_problem\LAB6SEM2_aproxBoundary-valv_problem.vcxproj" в узле 2 (целевые объекты build).
     1>InitializeBuildStatus:
         Создание "Debug\LAB6SEM2_aproxBoundary-valv_problem.unsuccessfulbuild", так как было задано "AlwaysCreate".
       ClCompile:
         C:\Program Files (x86)\Microsoft Visual Studio 10.0\VC\bin\CL.exe /c /ZI /nologo /W3 /WX- /Od /Oy- /D _MBCS /Gm /EHsc /RTC1 /MDd /GS /fp:precise /Zc:wchar_t /Zc:forScope /Fo"Debug\\" /Fd"Debug\vc100.pdb" /Gd /TP /analyze- /errorReport:prompt Analitic_metod.cpp
         Analitic_metod.cpp
     1>e:\лабораторные работы\числаки\lab6sem2_aproxboundary-valv_problem\lab6sem2_aproxboundary-valv_problem\analitic_metod.cpp(14): warning C4101: tmp: неиспользованная локальная переменная
       Link:
         C:\Program Files (x86)\Microsoft Visual Studio 10.0\VC\bin\link.exe /ERRORREPORT:PROMPT /OUT:"E:\Лабораторные работы\Числаки\LAB6SEM2_aproxBoundary-valv_problem\Debug\LAB6SEM2_aproxBoundary-valv_problem.exe" /NOLOGO kernel32.lib user32.lib gdi32.lib winspool.lib comdlg32.lib advapi32.lib shell32.lib ole32.lib oleaut32.lib uuid.lib odbc32.lib odbccp32.lib /MANIFEST /ManifestFile:"Debug\LAB6SEM2_aproxBoundary-valv_problem.exe.intermediate.manifest" /MANIFESTUAC:"level='asInvoker' uiAccess='false'" /DEBUG /PDB:"E:\Лабораторные работы\Числаки\LAB6SEM2_aproxBoundary-valv_problem\Debug\LAB6SEM2_aproxBoundary-valv_problem.pdb" /TLBID:1 /DYNAMICBASE /NXCOMPAT /IMPLIB:"E:\Лабораторные работы\Числаки\LAB6SEM2_aproxBoundary-valv_problem\Debug\LAB6SEM2_aproxBoundary-valv_problem.lib" /MACHINE:X86 Debug\Analitic_metod.obj
         Debug\Chislen_metod.obj
         Debug\funk.obj
         Debug\main.obj
         LINK : не найден или не выполнена сборка E:\Лабораторные работы\Числаки\LAB6SEM2_aproxBoundary-valv_problem\Debug\LAB6SEM2_aproxBoundary-valv_problem.exe при последней инкрементной компоновке; выполняется полная компоновка
         LAB6SEM2_aproxBoundary-valv_problem.vcxproj -> E:\Лабораторные работы\Числаки\LAB6SEM2_aproxBoundary-valv_problem\Debug\LAB6SEM2_aproxBoundary-valv_problem.exe
       Manifest:
         C:\Program Files (x86)\Microsoft SDKs\Windows\v7.0A\bin\mt.exe /nologo /verbose /outputresource:"E:\Лабораторные работы\Числаки\LAB6SEM2_aproxBoundary-valv_problem\Debug\LAB6SEM2_aproxBoundary-valv_problem.exe;#1" /manifest "Debug\LAB6SEM2_aproxBoundary-valv_problem.exe.intermediate.manifest"
       FinalizeBuildStatus:
         Файл "Debug\LAB6SEM2_aproxBoundary-valv_problem.unsuccessfulbuild" удаляется.
         Обращение к "Debug\LAB6SEM2_aproxBoundary-valv_problem.lastbuildstate".
     1>Построение проекта "E:\Лабораторные работы\Числаки\LAB6SEM2_aproxBoundary-valv_problem\LAB6SEM2_aproxBoundary-valv_problem\LAB6SEM2_aproxBoundary-valv_problem.vcxproj" завершено (целевые объекты build).

Построение успешно завершено.

Затраченное время: 00:00:01.10
