Построение начато 26.09.2016 10:31:40.
     1>Проект "E:\Лабораторные работы\Програмирование\Лабораторная работа №1\LAB1SEM3\LAB1SEM3\LAB1SEM3.vcxproj" в узле 2 (целевые объекты build).
     1>InitializeBuildStatus:
         Создание "Debug\LAB1SEM3.unsuccessfulbuild", так как было задано "AlwaysCreate".
       ClCompile:
         C:\Program Files (x86)\Microsoft Visual Studio 10.0\VC\bin\CL.exe /c /ZI /nologo /W3 /WX- /Od /Oy- /D _MBCS /Gm /EHsc /RTC1 /MDd /GS /fp:precise /Zc:wchar_t /Zc:forScope /Fo"Debug\\" /Fd"Debug\vc100.pdb" /Gd /TP /analyze- /errorReport:prompt main.cpp
         main.cpp
       Link:
         C:\Program Files (x86)\Microsoft Visual Studio 10.0\VC\bin\link.exe /ERRORREPORT:PROMPT /OUT:"E:\Лабораторные работы\Програмирование\Лабораторная работа №1\LAB1SEM3\Debug\LAB1SEM3.exe" /NOLOGO kernel32.lib user32.lib gdi32.lib winspool.lib comdlg32.lib advapi32.lib shell32.lib ole32.lib oleaut32.lib uuid.lib odbc32.lib odbccp32.lib /MANIFEST /ManifestFile:"Debug\LAB1SEM3.exe.intermediate.manifest" /MANIFESTUAC:"level='asInvoker' uiAccess='false'" /DEBUG /PDB:"E:\Лабораторные работы\Програмирование\Лабораторная работа №1\LAB1SEM3\Debug\LAB1SEM3.pdb" /TLBID:1 /DYNAMICBASE /NXCOMPAT /IMPLIB:"E:\Лабораторные работы\Програмирование\Лабораторная работа №1\LAB1SEM3\Debug\LAB1SEM3.lib" /MACHINE:X86 Debug\lenght.obj
         Debug\main.obj
         Debug\search.obj
         Debug\suman.obj
         LINK : не найден или не выполнена сборка E:\Лабораторные работы\Програмирование\Лабораторная работа №1\LAB1SEM3\Debug\LAB1SEM3.exe при последней инкрементной компоновке; выполняется полная компоновка
         LAB1SEM3.vcxproj -> E:\Лабораторные работы\Програмирование\Лабораторная работа №1\LAB1SEM3\Debug\LAB1SEM3.exe
       Manifest:
         C:\Program Files (x86)\Microsoft SDKs\Windows\v7.0A\bin\mt.exe /nologo /verbose /outputresource:"E:\Лабораторные работы\Програмирование\Лабораторная работа №1\LAB1SEM3\Debug\LAB1SEM3.exe;#1" /manifest Debug\LAB1SEM3.exe.intermediate.manifest
       FinalizeBuildStatus:
         Файл "Debug\LAB1SEM3.unsuccessfulbuild" удаляется.
         Обращение к "Debug\LAB1SEM3.lastbuildstate".
     1>Построение проекта "E:\Лабораторные работы\Програмирование\Лабораторная работа №1\LAB1SEM3\LAB1SEM3\LAB1SEM3.vcxproj" завершено (целевые объекты build).

Построение успешно завершено.

Затраченное время: 00:00:01.58
