Построение начато 22.05.2017 16:11:16.
     1>Проект "E:\Лабораторные работы\Операционные системы и системное програмирование\2 СЕМЕСТР\Динамические библиотеки\LAB2SEM4_NEYAVNO\LAB2SEM4_NEYAVNO\LAB2SEM4_NEYAVNO.vcxproj" в узле 2 (целевые объекты build).
     1>InitializeBuildStatus:
         Создание "Debug\LAB2SEM4_NEYAVNO.unsuccessfulbuild", так как было задано "AlwaysCreate".
       ClCompile:
         C:\Program Files (x86)\Microsoft Visual Studio 10.0\VC\bin\CL.exe /c /ZI /nologo /W3 /WX- /Od /Oy- /D _MBCS /Gm /EHsc /RTC1 /MDd /GS /fp:precise /Zc:wchar_t /Zc:forScope /Fo"Debug\\" /Fd"Debug\vc100.pdb" /Gd /TP /analyze- /errorReport:prompt main.cpp
         main.cpp
     1>e:\лабораторные работы\операционные системы и системное програмирование\2 семестр\динамические библиотеки\lab2sem4_neyavno\lab2sem4_neyavno\main.cpp(10): warning C4244: аргумент: преобразование "time_t" в "unsigned int", возможна потеря данных
       ManifestResourceCompile:
         Для всех выходных данных обновления не требуется.
       Link:
         C:\Program Files (x86)\Microsoft Visual Studio 10.0\VC\bin\link.exe /ERRORREPORT:PROMPT /OUT:"E:\Лабораторные работы\Операционные системы и системное програмирование\2 СЕМЕСТР\Динамические библиотеки\LAB2SEM4_NEYAVNO\Debug\LAB2SEM4_NEYAVNO.exe" /INCREMENTAL /NOLOGO Writeminfrom.lib kernel32.lib user32.lib gdi32.lib winspool.lib comdlg32.lib advapi32.lib shell32.lib ole32.lib oleaut32.lib uuid.lib odbc32.lib odbccp32.lib /MANIFEST /ManifestFile:"Debug\LAB2SEM4_NEYAVNO.exe.intermediate.manifest" /MANIFESTUAC:"level='asInvoker' uiAccess='false'" /DEBUG /PDB:"E:\Лабораторные работы\Операционные системы и системное програмирование\2 СЕМЕСТР\Динамические библиотеки\LAB2SEM4_NEYAVNO\Debug\LAB2SEM4_NEYAVNO.pdb" /TLBID:1 /DYNAMICBASE /NXCOMPAT /IMPLIB:"E:\Лабораторные работы\Операционные системы и системное програмирование\2 СЕМЕСТР\Динамические библиотеки\LAB2SEM4_NEYAVNO\Debug\LAB2SEM4_NEYAVNO.lib" /MACHINE:X86 Debug\LAB2SEM4_NEYAVNO.exe.embed.manifest.res
         Debug\main.obj
       Manifest:
         C:\Program Files (x86)\Microsoft SDKs\Windows\v7.0A\bin\mt.exe /nologo /verbose /out:"Debug\LAB2SEM4_NEYAVNO.exe.embed.manifest" /manifest Debug\LAB2SEM4_NEYAVNO.exe.intermediate.manifest
         Для всех выходных данных обновления не требуется.
       LinkEmbedManifest:
         Для всех выходных данных обновления не требуется.
         LAB2SEM4_NEYAVNO.vcxproj -> E:\Лабораторные работы\Операционные системы и системное програмирование\2 СЕМЕСТР\Динамические библиотеки\LAB2SEM4_NEYAVNO\Debug\LAB2SEM4_NEYAVNO.exe
       FinalizeBuildStatus:
         Файл "Debug\LAB2SEM4_NEYAVNO.unsuccessfulbuild" удаляется.
         Обращение к "Debug\LAB2SEM4_NEYAVNO.lastbuildstate".
     1>Построение проекта "E:\Лабораторные работы\Операционные системы и системное програмирование\2 СЕМЕСТР\Динамические библиотеки\LAB2SEM4_NEYAVNO\LAB2SEM4_NEYAVNO\LAB2SEM4_NEYAVNO.vcxproj" завершено (целевые объекты build).

Построение успешно завершено.

Затраченное время: 00:00:01.11
