Построение начато 13.03.2017 11:50:39.
     1>Проект "E:\Лабораторные работы\Числаки\LAB1SEM2_aproxPolinom\LAB1SEM2_aproxPolinom\LAB1SEM2_aproxPolinom\LAB1SEM2_aproxPolinom.vcxproj" в узле 2 (целевые объекты build).
     1>InitializeBuildStatus:
         Создание "Debug\LAB1SEM2_aproxPolinom.unsuccessfulbuild", так как было задано "AlwaysCreate".
       ClCompile:
         C:\Program Files (x86)\Microsoft Visual Studio 10.0\VC\bin\CL.exe /c /ZI /nologo /W3 /WX- /Od /Oy- /D _MBCS /Gm /EHsc /RTC1 /MDd /GS /fp:precise /Zc:wchar_t /Zc:forScope /Fo"Debug\\" /Fd"Debug\vc100.pdb" /Gd /TP /analyze- /errorReport:prompt Chord_method.cpp Code.cpp Half_method.cpp Newton_method.cpp Nolinar.cpp Simple_method.cpp
         Chord_method.cpp
         Создание кода...
         Компиляция...
         Simple_method.cpp
         Nolinar.cpp
         Newton_method.cpp
         Half_method.cpp
         Code.cpp
     1>e:\лабораторные работы\числаки\lab1sem2_aproxpolinom\lab1sem2_aproxpolinom\lab1sem2_aproxpolinom\code.cpp(17): warning C4996: 'getch': The POSIX name for this item is deprecated. Instead, use the ISO C++ conformant name: _getch. See online help for details.
                 c:\program files (x86)\microsoft visual studio 10.0\vc\include\conio.h(128): см. объявление "getch"
     1>e:\лабораторные работы\числаки\lab1sem2_aproxpolinom\lab1sem2_aproxpolinom\lab1sem2_aproxpolinom\code.cpp(19): warning C4996: 'getch': The POSIX name for this item is deprecated. Instead, use the ISO C++ conformant name: _getch. See online help for details.
                 c:\program files (x86)\microsoft visual studio 10.0\vc\include\conio.h(128): см. объявление "getch"
     1>e:\лабораторные работы\числаки\lab1sem2_aproxpolinom\lab1sem2_aproxpolinom\lab1sem2_aproxpolinom\code.cpp(20): warning C4996: 'getch': The POSIX name for this item is deprecated. Instead, use the ISO C++ conformant name: _getch. See online help for details.
                 c:\program files (x86)\microsoft visual studio 10.0\vc\include\conio.h(128): см. объявление "getch"
     1>e:\лабораторные работы\числаки\lab1sem2_aproxpolinom\lab1sem2_aproxpolinom\lab1sem2_aproxpolinom\code.cpp(21): warning C4996: 'getch': The POSIX name for this item is deprecated. Instead, use the ISO C++ conformant name: _getch. See online help for details.
                 c:\program files (x86)\microsoft visual studio 10.0\vc\include\conio.h(128): см. объявление "getch"
     1>e:\лабораторные работы\числаки\lab1sem2_aproxpolinom\lab1sem2_aproxpolinom\lab1sem2_aproxpolinom\code.cpp(22): warning C4996: 'getch': The POSIX name for this item is deprecated. Instead, use the ISO C++ conformant name: _getch. See online help for details.
                 c:\program files (x86)\microsoft visual studio 10.0\vc\include\conio.h(128): см. объявление "getch"
     1>e:\лабораторные работы\числаки\lab1sem2_aproxpolinom\lab1sem2_aproxpolinom\lab1sem2_aproxpolinom\code.cpp(23): warning C4996: 'getch': The POSIX name for this item is deprecated. Instead, use the ISO C++ conformant name: _getch. See online help for details.
                 c:\program files (x86)\microsoft visual studio 10.0\vc\include\conio.h(128): см. объявление "getch"
         Создание кода...
       Link:
         C:\Program Files (x86)\Microsoft Visual Studio 10.0\VC\bin\link.exe /ERRORREPORT:PROMPT /OUT:"E:\Лабораторные работы\Числаки\LAB1SEM2_aproxPolinom\LAB1SEM2_aproxPolinom\Debug\LAB1SEM2_aproxPolinom.exe" /NOLOGO kernel32.lib user32.lib gdi32.lib winspool.lib comdlg32.lib advapi32.lib shell32.lib ole32.lib oleaut32.lib uuid.lib odbc32.lib odbccp32.lib /MANIFEST /ManifestFile:"Debug\LAB1SEM2_aproxPolinom.exe.intermediate.manifest" /MANIFESTUAC:"level='asInvoker' uiAccess='false'" /DEBUG /PDB:"E:\Лабораторные работы\Числаки\LAB1SEM2_aproxPolinom\LAB1SEM2_aproxPolinom\Debug\LAB1SEM2_aproxPolinom.pdb" /TLBID:1 /DYNAMICBASE /NXCOMPAT /IMPLIB:"E:\Лабораторные работы\Числаки\LAB1SEM2_aproxPolinom\LAB1SEM2_aproxPolinom\Debug\LAB1SEM2_aproxPolinom.lib" /MACHINE:X86 Debug\Chord_method.obj
         Debug\Code.obj
         Debug\Half_method.obj
         Debug\Newton_method.obj
         Debug\Nolinar.obj
         Debug\Simple_method.obj
         LINK : не найден или не выполнена сборка E:\Лабораторные работы\Числаки\LAB1SEM2_aproxPolinom\LAB1SEM2_aproxPolinom\Debug\LAB1SEM2_aproxPolinom.exe при последней инкрементной компоновке; выполняется полная компоновка
         LAB1SEM2_aproxPolinom.vcxproj -> E:\Лабораторные работы\Числаки\LAB1SEM2_aproxPolinom\LAB1SEM2_aproxPolinom\Debug\LAB1SEM2_aproxPolinom.exe
       Manifest:
         C:\Program Files (x86)\Microsoft SDKs\Windows\v7.0A\bin\mt.exe /nologo /verbose /outputresource:"E:\Лабораторные работы\Числаки\LAB1SEM2_aproxPolinom\LAB1SEM2_aproxPolinom\Debug\LAB1SEM2_aproxPolinom.exe;#1" /manifest Debug\LAB1SEM2_aproxPolinom.exe.intermediate.manifest
       FinalizeBuildStatus:
         Файл "Debug\LAB1SEM2_aproxPolinom.unsuccessfulbuild" удаляется.
         Обращение к "Debug\LAB1SEM2_aproxPolinom.lastbuildstate".
     1>Построение проекта "E:\Лабораторные работы\Числаки\LAB1SEM2_aproxPolinom\LAB1SEM2_aproxPolinom\LAB1SEM2_aproxPolinom\LAB1SEM2_aproxPolinom.vcxproj" завершено (целевые объекты build).

Построение успешно завершено.

Затраченное время: 00:00:06.19
