Построение начато 22.04.2017 10:43:12.
     1>Проект "E:\Лабораторные работы\Операционные системы и системное програмирование\2 СЕМЕСТР\Тестовый проект\funk_lib\funk_lib\funk_lib.vcxproj" в узле 2 (целевые объекты build).
     1>InitializeBuildStatus:
         Обращение к "Debug\funk_lib.unsuccessfulbuild".
       ClCompile:
         C:\Program Files (x86)\Microsoft Visual Studio 10.0\VC\bin\CL.exe /c /ZI /nologo /W3 /WX- /Od /Oy- /D WIN32 /D _DEBUG /D _WINDOWS /D _USRDLL /D FUNK_LIB_EXPORTS /D _WINDLL /D _UNICODE /D UNICODE /Gm /EHsc /RTC1 /MDd /GS /fp:precise /Zc:wchar_t /Zc:forScope /Fo"Debug\\" /Fd"Debug\vc100.pdb" /Gd /TP /analyze- /errorReport:prompt Source.cpp
         Source.cpp
     1>e:\лабораторные работы\операционные системы и системное програмирование\2 семестр\тестовый проект\funk_lib\funk_lib\source.cpp(20): warning C4996: 'sprintf': This function or variable may be unsafe. Consider using sprintf_s instead. To disable deprecation, use _CRT_SECURE_NO_WARNINGS. See online help for details.
                 c:\program files (x86)\microsoft visual studio 10.0\vc\include\stdio.h(371): см. объявление "sprintf"
     1>e:\лабораторные работы\операционные системы и системное програмирование\2 семестр\тестовый проект\funk_lib\funk_lib\source.cpp(21): warning C4996: 'strcat': This function or variable may be unsafe. Consider using strcat_s instead. To disable deprecation, use _CRT_SECURE_NO_WARNINGS. See online help for details.
                 c:\program files (x86)\microsoft visual studio 10.0\vc\include\string.h(110): см. объявление "strcat"
     1>e:\лабораторные работы\операционные системы и системное програмирование\2 семестр\тестовый проект\funk_lib\funk_lib\source.cpp(22): warning C4996: 'strcat': This function or variable may be unsafe. Consider using strcat_s instead. To disable deprecation, use _CRT_SECURE_NO_WARNINGS. See online help for details.
                 c:\program files (x86)\microsoft visual studio 10.0\vc\include\string.h(110): см. объявление "strcat"
     1>e:\лабораторные работы\операционные системы и системное програмирование\2 семестр\тестовый проект\funk_lib\funk_lib\source.cpp(41): warning C4996: 'strtok': This function or variable may be unsafe. Consider using strtok_s instead. To disable deprecation, use _CRT_SECURE_NO_WARNINGS. See online help for details.
                 c:\program files (x86)\microsoft visual studio 10.0\vc\include\string.h(197): см. объявление "strtok"
     1>e:\лабораторные работы\операционные системы и системное програмирование\2 семестр\тестовый проект\funk_lib\funk_lib\source.cpp(45): warning C4996: 'strtok': This function or variable may be unsafe. Consider using strtok_s instead. To disable deprecation, use _CRT_SECURE_NO_WARNINGS. See online help for details.
                 c:\program files (x86)\microsoft visual studio 10.0\vc\include\string.h(197): см. объявление "strtok"
       ManifestResourceCompile:
         C:\Program Files (x86)\Microsoft SDKs\Windows\v7.0A\bin\rc.exe /nologo /fo"Debug\funk_lib.dll.embed.manifest.res" Debug\funk_lib_manifest.rc 
       Link:
         C:\Program Files (x86)\Microsoft Visual Studio 10.0\VC\bin\link.exe /ERRORREPORT:PROMPT /OUT:"E:\Лабораторные работы\Операционные системы и системное програмирование\2 СЕМЕСТР\Тестовый проект\funk_lib\Debug\funk_lib.dll" /INCREMENTAL /NOLOGO kernel32.lib user32.lib gdi32.lib winspool.lib comdlg32.lib advapi32.lib shell32.lib ole32.lib oleaut32.lib uuid.lib odbc32.lib odbccp32.lib /MANIFEST /ManifestFile:"Debug\funk_lib.dll.intermediate.manifest" /MANIFESTUAC:"level='asInvoker' uiAccess='false'" /DEBUG /PDB:"E:\Лабораторные работы\Операционные системы и системное програмирование\2 СЕМЕСТР\Тестовый проект\funk_lib\Debug\funk_lib.pdb" /SUBSYSTEM:WINDOWS /TLBID:1 /DYNAMICBASE /NXCOMPAT /IMPLIB:"E:\Лабораторные работы\Операционные системы и системное програмирование\2 СЕМЕСТР\Тестовый проект\funk_lib\Debug\funk_lib.lib" /MACHINE:X86 /DLL Debug\funk_lib.dll.embed.manifest.res
         Debug\Source.obj
            Создается библиотека E:\Лабораторные работы\Операционные системы и системное програмирование\2 СЕМЕСТР\Тестовый проект\funk_lib\Debug\funk_lib.lib и объект E:\Лабораторные работы\Операционные системы и системное програмирование\2 СЕМЕСТР\Тестовый проект\funk_lib\Debug\funk_lib.exp
       Manifest:
         C:\Program Files (x86)\Microsoft SDKs\Windows\v7.0A\bin\mt.exe /nologo /verbose /out:"Debug\funk_lib.dll.embed.manifest" /manifest Debug\funk_lib.dll.intermediate.manifest
         C:\Program Files (x86)\Microsoft SDKs\Windows\v7.0A\bin\rc.exe /nologo /fo"Debug\funk_lib.dll.embed.manifest.res" Debug\funk_lib_manifest.rc 
       LinkEmbedManifest:
         C:\Program Files (x86)\Microsoft Visual Studio 10.0\VC\bin\link.exe /ERRORREPORT:PROMPT /OUT:"E:\Лабораторные работы\Операционные системы и системное програмирование\2 СЕМЕСТР\Тестовый проект\funk_lib\Debug\funk_lib.dll" /INCREMENTAL /NOLOGO kernel32.lib user32.lib gdi32.lib winspool.lib comdlg32.lib advapi32.lib shell32.lib ole32.lib oleaut32.lib uuid.lib odbc32.lib odbccp32.lib /MANIFEST /ManifestFile:"Debug\funk_lib.dll.intermediate.manifest" /MANIFESTUAC:"level='asInvoker' uiAccess='false'" /DEBUG /PDB:"E:\Лабораторные работы\Операционные системы и системное програмирование\2 СЕМЕСТР\Тестовый проект\funk_lib\Debug\funk_lib.pdb" /SUBSYSTEM:WINDOWS /TLBID:1 /DYNAMICBASE /NXCOMPAT /IMPLIB:"E:\Лабораторные работы\Операционные системы и системное програмирование\2 СЕМЕСТР\Тестовый проект\funk_lib\Debug\funk_lib.lib" /MACHINE:X86 /DLL Debug\funk_lib.dll.embed.manifest.res
         Debug\Source.obj
            Создается библиотека E:\Лабораторные работы\Операционные системы и системное програмирование\2 СЕМЕСТР\Тестовый проект\funk_lib\Debug\funk_lib.lib и объект E:\Лабораторные работы\Операционные системы и системное програмирование\2 СЕМЕСТР\Тестовый проект\funk_lib\Debug\funk_lib.exp
         funk_lib.vcxproj -> E:\Лабораторные работы\Операционные системы и системное програмирование\2 СЕМЕСТР\Тестовый проект\funk_lib\Debug\funk_lib.dll
       FinalizeBuildStatus:
         Файл "Debug\funk_lib.unsuccessfulbuild" удаляется.
         Обращение к "Debug\funk_lib.lastbuildstate".
     1>Построение проекта "E:\Лабораторные работы\Операционные системы и системное програмирование\2 СЕМЕСТР\Тестовый проект\funk_lib\funk_lib\funk_lib.vcxproj" завершено (целевые объекты build).

Построение успешно завершено.

Затраченное время: 00:00:03.60
