Построение начато 22.05.2017 12:48:08.
     1>Проект "E:\Лабораторные работы\Числаки\LAB5SEM2_aproxKoshiTask\LAB5SEM2_aproxKoshiTask\LAB5SEM2_aproxKoshiTask.vcxproj" в узле 2 (целевые объекты build).
     1>InitializeBuildStatus:
         Создание "Debug\LAB5SEM2_aproxKoshiTask.unsuccessfulbuild", так как было задано "AlwaysCreate".
       ClCompile:
         C:\Program Files (x86)\Microsoft Visual Studio 10.0\VC\bin\CL.exe /c /ZI /nologo /W3 /WX- /Od /Oy- /D _MBCS /Gm /EHsc /RTC1 /MDd /GS /fp:precise /Zc:wchar_t /Zc:forScope /Fo"Debug\\" /Fd"Debug\vc100.pdb" /Gd /TP /analyze- /errorReport:prompt Adams_extropolition_metod.cpp Eiler_methods.cpp "Runge-cute metod.cpp" funk.cpp main.cpp
         funk.cpp
         Создание кода...
         Компиляция...
         Adams_extropolition_metod.cpp
         Создание кода...
         Пропуск... (изменения не обнаружены)
         main.cpp
         Runge-cute metod.cpp
         Eiler_methods.cpp
       Link:
         C:\Program Files (x86)\Microsoft Visual Studio 10.0\VC\bin\link.exe /ERRORREPORT:PROMPT /OUT:"E:\Лабораторные работы\Числаки\LAB5SEM2_aproxKoshiTask\Debug\LAB5SEM2_aproxKoshiTask.exe" /NOLOGO kernel32.lib user32.lib gdi32.lib winspool.lib comdlg32.lib advapi32.lib shell32.lib ole32.lib oleaut32.lib uuid.lib odbc32.lib odbccp32.lib /MANIFEST /ManifestFile:"Debug\LAB5SEM2_aproxKoshiTask.exe.intermediate.manifest" /MANIFESTUAC:"level='asInvoker' uiAccess='false'" /DEBUG /PDB:"E:\Лабораторные работы\Числаки\LAB5SEM2_aproxKoshiTask\Debug\LAB5SEM2_aproxKoshiTask.pdb" /TLBID:1 /DYNAMICBASE /NXCOMPAT /IMPLIB:"E:\Лабораторные работы\Числаки\LAB5SEM2_aproxKoshiTask\Debug\LAB5SEM2_aproxKoshiTask.lib" /MACHINE:X86 Debug\Adams_extropolition_metod.obj
         Debug\Eiler_methods.obj
         Debug\funk.obj
         Debug\main.obj
         "Debug\Runge-cute metod.obj"
         LINK : не найден или не выполнена сборка E:\Лабораторные работы\Числаки\LAB5SEM2_aproxKoshiTask\Debug\LAB5SEM2_aproxKoshiTask.exe при последней инкрементной компоновке; выполняется полная компоновка
         LAB5SEM2_aproxKoshiTask.vcxproj -> E:\Лабораторные работы\Числаки\LAB5SEM2_aproxKoshiTask\Debug\LAB5SEM2_aproxKoshiTask.exe
       Manifest:
         C:\Program Files (x86)\Microsoft SDKs\Windows\v7.0A\bin\mt.exe /nologo /verbose /outputresource:"E:\Лабораторные работы\Числаки\LAB5SEM2_aproxKoshiTask\Debug\LAB5SEM2_aproxKoshiTask.exe;#1" /manifest Debug\LAB5SEM2_aproxKoshiTask.exe.intermediate.manifest
       FinalizeBuildStatus:
         Файл "Debug\LAB5SEM2_aproxKoshiTask.unsuccessfulbuild" удаляется.
         Обращение к "Debug\LAB5SEM2_aproxKoshiTask.lastbuildstate".
     1>Построение проекта "E:\Лабораторные работы\Числаки\LAB5SEM2_aproxKoshiTask\LAB5SEM2_aproxKoshiTask\LAB5SEM2_aproxKoshiTask.vcxproj" завершено (целевые объекты build).

Построение успешно завершено.

Затраченное время: 00:00:01.39
