Построение начато 02.05.2017 11:35:57.
     1>Проект "E:\Лабораторные работы\Числаки\LAB3SEM2_Iterpolar\LAB3SEM2_Iterpolar\LAB3SEM2_Iterpolar\LAB3SEM2_Iterpolar.vcxproj" в узле 2 (целевые объекты build).
     1>InitializeBuildStatus:
         Создание "Debug\LAB3SEM2_Iterpolar.unsuccessfulbuild", так как было задано "AlwaysCreate".
       ClCompile:
         C:\Program Files (x86)\Microsoft Visual Studio 10.0\VC\bin\CL.exe /c /ZI /nologo /W3 /WX- /Od /Oy- /D _MBCS /Gm /EHsc /RTC1 /MDd /GS /fp:precise /Zc:wchar_t /Zc:forScope /Fo"Debug\\" /Fd"Debug\vc100.pdb" /Gd /TP /analyze- /errorReport:prompt Midlesqrt_polinom.cpp
         Midlesqrt_polinom.cpp
     1>e:\лабораторные работы\числаки\lab3sem2_iterpolar\lab3sem2_iterpolar\lab3sem2_iterpolar\midlesqrt_polinom.cpp(34): warning C4101: tmp: неиспользованная локальная переменная
       Link:
         C:\Program Files (x86)\Microsoft Visual Studio 10.0\VC\bin\link.exe /ERRORREPORT:PROMPT /OUT:"E:\Лабораторные работы\Числаки\LAB3SEM2_Iterpolar\LAB3SEM2_Iterpolar\Debug\LAB3SEM2_Iterpolar.exe" /NOLOGO kernel32.lib user32.lib gdi32.lib winspool.lib comdlg32.lib advapi32.lib shell32.lib ole32.lib oleaut32.lib uuid.lib odbc32.lib odbccp32.lib /MANIFEST /ManifestFile:"Debug\LAB3SEM2_Iterpolar.exe.intermediate.manifest" /MANIFESTUAC:"level='asInvoker' uiAccess='false'" /DEBUG /PDB:"E:\Лабораторные работы\Числаки\LAB3SEM2_Iterpolar\LAB3SEM2_Iterpolar\Debug\LAB3SEM2_Iterpolar.pdb" /TLBID:1 /DYNAMICBASE /NXCOMPAT /IMPLIB:"E:\Лабораторные работы\Числаки\LAB3SEM2_Iterpolar\LAB3SEM2_Iterpolar\Debug\LAB3SEM2_Iterpolar.lib" /MACHINE:X86 Debug\Lagranzh_polinom.obj
         Debug\main.obj
         Debug\Midlesqrt_polinom.obj
         Debug\Newton_polinom.obj
         LINK : не найден или не выполнена сборка E:\Лабораторные работы\Числаки\LAB3SEM2_Iterpolar\LAB3SEM2_Iterpolar\Debug\LAB3SEM2_Iterpolar.exe при последней инкрементной компоновке; выполняется полная компоновка
         LAB3SEM2_Iterpolar.vcxproj -> E:\Лабораторные работы\Числаки\LAB3SEM2_Iterpolar\LAB3SEM2_Iterpolar\Debug\LAB3SEM2_Iterpolar.exe
       Manifest:
         C:\Program Files (x86)\Microsoft SDKs\Windows\v7.0A\bin\mt.exe /nologo /verbose /outputresource:"E:\Лабораторные работы\Числаки\LAB3SEM2_Iterpolar\LAB3SEM2_Iterpolar\Debug\LAB3SEM2_Iterpolar.exe;#1" /manifest Debug\LAB3SEM2_Iterpolar.exe.intermediate.manifest
       FinalizeBuildStatus:
         Файл "Debug\LAB3SEM2_Iterpolar.unsuccessfulbuild" удаляется.
         Обращение к "Debug\LAB3SEM2_Iterpolar.lastbuildstate".
     1>Построение проекта "E:\Лабораторные работы\Числаки\LAB3SEM2_Iterpolar\LAB3SEM2_Iterpolar\LAB3SEM2_Iterpolar\LAB3SEM2_Iterpolar.vcxproj" завершено (целевые объекты build).

Построение успешно завершено.

Затраченное время: 00:00:01.31
