Построение начато 24.04.2017 13:25:19.
     1>Проект "E:\Лабораторные работы\Операционные системы и системное програмирование\2 СЕМЕСТР\LAB3SEM2_DialogProcess\LAB3SEM2_DialogProcess\LAB3SEM2_DialogProcess.vcxproj" в узле 2 (целевые объекты build).
     1>InitializeBuildStatus:
         Создание "Debug\LAB3SEM2_DialogProcess.unsuccessfulbuild", так как было задано "AlwaysCreate".
       ClCompile:
         C:\Program Files (x86)\Microsoft Visual Studio 10.0\VC\bin\CL.exe /c /ZI /nologo /W3 /WX- /Od /Oy- /D WIN32 /D _DEBUG /D _WINDOWS /D _UNICODE /D UNICODE /Gm /EHsc /RTC1 /MDd /GS /fp:precise /Zc:wchar_t /Zc:forScope /Fo"Debug\\" /Fd"Debug\vc100.pdb" /Gd /TP /analyze- /errorReport:prompt main.cpp
         main.cpp
     1>e:\лабораторные работы\операционные системы и системное програмирование\2 семестр\lab3sem2_dialogprocess\lab3sem2_dialogprocess\main.cpp(59): warning C4996: 'sprintf': This function or variable may be unsafe. Consider using sprintf_s instead. To disable deprecation, use _CRT_SECURE_NO_WARNINGS. See online help for details.
                 c:\program files (x86)\microsoft visual studio 10.0\vc\include\stdio.h(371): см. объявление "sprintf"
     1>e:\лабораторные работы\операционные системы и системное програмирование\2 семестр\lab3sem2_dialogprocess\lab3sem2_dialogprocess\main.cpp(60): warning C4996: 'strcat': This function or variable may be unsafe. Consider using strcat_s instead. To disable deprecation, use _CRT_SECURE_NO_WARNINGS. See online help for details.
                 c:\program files (x86)\microsoft visual studio 10.0\vc\include\string.h(110): см. объявление "strcat"
     1>e:\лабораторные работы\операционные системы и системное програмирование\2 семестр\lab3sem2_dialogprocess\lab3sem2_dialogprocess\main.cpp(61): warning C4996: 'strcat': This function or variable may be unsafe. Consider using strcat_s instead. To disable deprecation, use _CRT_SECURE_NO_WARNINGS. See online help for details.
                 c:\program files (x86)\microsoft visual studio 10.0\vc\include\string.h(110): см. объявление "strcat"
     1>e:\лабораторные работы\операционные системы и системное програмирование\2 семестр\lab3sem2_dialogprocess\lab3sem2_dialogprocess\main.cpp(62): warning C4996: 'strcat': This function or variable may be unsafe. Consider using strcat_s instead. To disable deprecation, use _CRT_SECURE_NO_WARNINGS. See online help for details.
                 c:\program files (x86)\microsoft visual studio 10.0\vc\include\string.h(110): см. объявление "strcat"
     1>e:\лабораторные работы\операционные системы и системное програмирование\2 семестр\lab3sem2_dialogprocess\lab3sem2_dialogprocess\main.cpp(73): warning C4996: 'strcpy': This function or variable may be unsafe. Consider using strcpy_s instead. To disable deprecation, use _CRT_SECURE_NO_WARNINGS. See online help for details.
                 c:\program files (x86)\microsoft visual studio 10.0\vc\include\string.h(105): см. объявление "strcpy"
     1>e:\лабораторные работы\операционные системы и системное програмирование\2 семестр\lab3sem2_dialogprocess\lab3sem2_dialogprocess\main.cpp(82): warning C4996: 'strcpy': This function or variable may be unsafe. Consider using strcpy_s instead. To disable deprecation, use _CRT_SECURE_NO_WARNINGS. See online help for details.
                 c:\program files (x86)\microsoft visual studio 10.0\vc\include\string.h(105): см. объявление "strcpy"
     1>e:\лабораторные работы\операционные системы и системное програмирование\2 семестр\lab3sem2_dialogprocess\lab3sem2_dialogprocess\main.cpp(83): warning C4996: 'strtok': This function or variable may be unsafe. Consider using strtok_s instead. To disable deprecation, use _CRT_SECURE_NO_WARNINGS. See online help for details.
                 c:\program files (x86)\microsoft visual studio 10.0\vc\include\string.h(197): см. объявление "strtok"
     1>e:\лабораторные работы\операционные системы и системное програмирование\2 семестр\lab3sem2_dialogprocess\lab3sem2_dialogprocess\main.cpp(87): warning C4996: 'strtok': This function or variable may be unsafe. Consider using strtok_s instead. To disable deprecation, use _CRT_SECURE_NO_WARNINGS. See online help for details.
                 c:\program files (x86)\microsoft visual studio 10.0\vc\include\string.h(197): см. объявление "strtok"
       ResourceCompile:
         Для всех выходных данных обновления не требуется.
       ManifestResourceCompile:
         Для всех выходных данных обновления не требуется.
       Link:
         C:\Program Files (x86)\Microsoft Visual Studio 10.0\VC\bin\link.exe /ERRORREPORT:PROMPT /OUT:"E:\Лабораторные работы\Операционные системы и системное програмирование\2 СЕМЕСТР\LAB3SEM2_DialogProcess\Debug\LAB3SEM2_DialogProcess.exe" /INCREMENTAL /NOLOGO kernel32.lib user32.lib gdi32.lib winspool.lib comdlg32.lib advapi32.lib shell32.lib ole32.lib oleaut32.lib uuid.lib odbc32.lib odbccp32.lib /MANIFEST /ManifestFile:"Debug\LAB3SEM2_DialogProcess.exe.intermediate.manifest" /MANIFESTUAC:"level='asInvoker' uiAccess='false'" /DEBUG /PDB:"E:\Лабораторные работы\Операционные системы и системное програмирование\2 СЕМЕСТР\LAB3SEM2_DialogProcess\Debug\LAB3SEM2_DialogProcess.pdb" /SUBSYSTEM:WINDOWS /TLBID:1 /DYNAMICBASE /NXCOMPAT /IMPLIB:"E:\Лабораторные работы\Операционные системы и системное програмирование\2 СЕМЕСТР\LAB3SEM2_DialogProcess\Debug\LAB3SEM2_DialogProcess.lib" /MACHINE:X86 Debug\Form1.res
         Debug\LAB3SEM2_DialogProcess.exe.embed.manifest.res
         Debug\main.obj
       Manifest:
         C:\Program Files (x86)\Microsoft SDKs\Windows\v7.0A\bin\mt.exe /nologo /verbose /out:"Debug\LAB3SEM2_DialogProcess.exe.embed.manifest" /manifest Debug\LAB3SEM2_DialogProcess.exe.intermediate.manifest
         Для всех выходных данных обновления не требуется.
       LinkEmbedManifest:
         Для всех выходных данных обновления не требуется.
         LAB3SEM2_DialogProcess.vcxproj -> E:\Лабораторные работы\Операционные системы и системное програмирование\2 СЕМЕСТР\LAB3SEM2_DialogProcess\Debug\LAB3SEM2_DialogProcess.exe
       FinalizeBuildStatus:
         Файл "Debug\LAB3SEM2_DialogProcess.unsuccessfulbuild" удаляется.
         Обращение к "Debug\LAB3SEM2_DialogProcess.lastbuildstate".
     1>Построение проекта "E:\Лабораторные работы\Операционные системы и системное програмирование\2 СЕМЕСТР\LAB3SEM2_DialogProcess\LAB3SEM2_DialogProcess\LAB3SEM2_DialogProcess.vcxproj" завершено (целевые объекты build).

Построение успешно завершено.

Затраченное время: 00:00:01.71
