Построение начато 22.05.2017 16:19:05.
     1>Проект "E:\Лабораторные работы\Операционные системы и системное програмирование\2 СЕМЕСТР\Динамические библиотеки\LAB2SEM4_YAVNO\LAB2SEM4_YAVNO\LAB2SEM4_YAVNO.vcxproj" в узле 2 (целевые объекты build).
     1>InitializeBuildStatus:
         Создание "Debug\LAB2SEM4_YAVNO.unsuccessfulbuild", так как было задано "AlwaysCreate".
       ClCompile:
         C:\Program Files (x86)\Microsoft Visual Studio 10.0\VC\bin\CL.exe /c /ZI /nologo /W3 /WX- /Od /Oy- /D _MBCS /Gm /EHsc /RTC1 /MDd /GS /fp:precise /Zc:wchar_t /Zc:forScope /Fo"Debug\\" /Fd"Debug\vc100.pdb" /Gd /TP /analyze- /errorReport:prompt main.cpp
         main.cpp
     1>e:\лабораторные работы\операционные системы и системное програмирование\2 семестр\динамические библиотеки\lab2sem4_yavno\lab2sem4_yavno\main.cpp(12): warning C4244: аргумент: преобразование "time_t" в "unsigned int", возможна потеря данных
     1>e:\лабораторные работы\операционные системы и системное програмирование\2 семестр\динамические библиотеки\lab2sem4_yavno\lab2sem4_yavno\main.cpp(47): warning C4244: =: преобразование "float" в "int", возможна потеря данных
       Link:
         C:\Program Files (x86)\Microsoft Visual Studio 10.0\VC\bin\link.exe /ERRORREPORT:PROMPT /OUT:"E:\Лабораторные работы\Операционные системы и системное програмирование\2 СЕМЕСТР\Динамические библиотеки\LAB2SEM4_YAVNO\Debug\LAB2SEM4_YAVNO.exe" /NOLOGO kernel32.lib user32.lib gdi32.lib winspool.lib comdlg32.lib advapi32.lib shell32.lib ole32.lib oleaut32.lib uuid.lib odbc32.lib odbccp32.lib /MANIFEST /ManifestFile:"Debug\LAB2SEM4_YAVNO.exe.intermediate.manifest" /MANIFESTUAC:"level='asInvoker' uiAccess='false'" /DEBUG /PDB:"E:\Лабораторные работы\Операционные системы и системное програмирование\2 СЕМЕСТР\Динамические библиотеки\LAB2SEM4_YAVNO\Debug\LAB2SEM4_YAVNO.pdb" /TLBID:1 /DYNAMICBASE /NXCOMPAT /IMPLIB:"E:\Лабораторные работы\Операционные системы и системное програмирование\2 СЕМЕСТР\Динамические библиотеки\LAB2SEM4_YAVNO\Debug\LAB2SEM4_YAVNO.lib" /MACHINE:X86 Debug\main.obj
         LINK : не найден или не выполнена сборка E:\Лабораторные работы\Операционные системы и системное програмирование\2 СЕМЕСТР\Динамические библиотеки\LAB2SEM4_YAVNO\Debug\LAB2SEM4_YAVNO.exe при последней инкрементной компоновке; выполняется полная компоновка
         LAB2SEM4_YAVNO.vcxproj -> E:\Лабораторные работы\Операционные системы и системное програмирование\2 СЕМЕСТР\Динамические библиотеки\LAB2SEM4_YAVNO\Debug\LAB2SEM4_YAVNO.exe
       Manifest:
         C:\Program Files (x86)\Microsoft SDKs\Windows\v7.0A\bin\mt.exe /nologo /verbose /outputresource:"E:\Лабораторные работы\Операционные системы и системное програмирование\2 СЕМЕСТР\Динамические библиотеки\LAB2SEM4_YAVNO\Debug\LAB2SEM4_YAVNO.exe;#1" /manifest Debug\LAB2SEM4_YAVNO.exe.intermediate.manifest
       FinalizeBuildStatus:
         Файл "Debug\LAB2SEM4_YAVNO.unsuccessfulbuild" удаляется.
         Обращение к "Debug\LAB2SEM4_YAVNO.lastbuildstate".
     1>Построение проекта "E:\Лабораторные работы\Операционные системы и системное програмирование\2 СЕМЕСТР\Динамические библиотеки\LAB2SEM4_YAVNO\LAB2SEM4_YAVNO\LAB2SEM4_YAVNO.vcxproj" завершено (целевые объекты build).

Построение успешно завершено.

Затраченное время: 00:00:01.69
